# JRE version: OpenJDK Runtime Environment Microsoft-8902769 (17.0.10+7) (build 17.0.10+7-LTS)
# Java VM: OpenJDK 64-Bit Server VM Microsoft-8902769 (17.0.10+7-LTS, mixed mode, emulated-client, sharing, tiered, compressed oops, compressed class ptrs, g1 gc, windows-amd64)
GC Precious Log:
 CPUs: 8 total, 8 available
 Memory: 7914M
 Large Page Support: Disabled
 NUMA Support: Disabled
 Compressed Oops: Enabled (32-bit)
 Heap Region Size: 1M
 Heap Min Capacity: 8M
 Heap Initial Capacity: 124M
 Heap Max Capacity: 1980M
 Pre-touch: Disabled
 Parallel Workers: 8
 Concurrent Workers: 2
 Concurrent Refinement Workers: 8
 Periodic GC: Disabled
Heap:
 garbage-first heap   total 137216K, used 79571K [0x0000000084400000, 0x0000000100000000)
  region size 1024K, 50 young (51200K), 6 survivors (6144K)
 Metaspace       used 64603K, committed 65280K, reserved 1114112K
  class space    used 9059K, committed 9408K, reserved 1048576K
GC Heap History (20 events):
Event: 2.789 GC heap before
{Heap before GC invocations=6 (full 0):
 garbage-first heap   total 61440K, used 19669K [0x0000000084400000, 0x0000000100000000)
  region size 1024K, 5 young (5120K), 4 survivors (4096K)
 Metaspace       used 24583K, committed 25024K, reserved 1114112K
  class space    used 3439K, committed 3648K, reserved 1048576K
}
Event: 2.795 GC heap after
{Heap after GC invocations=7 (full 0):
 garbage-first heap   total 73728K, used 19093K [0x0000000084400000, 0x0000000100000000)
  region size 1024K, 1 young (1024K), 1 survivors (1024K)
 Metaspace       used 24583K, committed 25024K, reserved 1114112K
  class space    used 3439K, committed 3648K, reserved 1048576K
}
Event: 3.263 GC heap before
{Heap before GC invocations=7 (full 0):
 garbage-first heap   total 73728K, used 50837K [0x0000000084400000, 0x0000000100000000)
  region size 1024K, 33 young (33792K), 1 survivors (1024K)
 Metaspace       used 29364K, committed 29824K, reserved 1114112K
  class space    used 4120K, committed 4352K, reserved 1048576K
}
Event: 3.266 GC heap after
{Heap after GC invocations=8 (full 0):
 garbage-first heap   total 73728K, used 21012K [0x0000000084400000, 0x0000000100000000)
  region size 1024K, 3 young (3072K), 3 survivors (3072K)
 Metaspace       used 29364K, committed 29824K, reserved 1114112K
  class space    used 4120K, committed 4352K, reserved 1048576K
}
Event: 3.634 GC heap before
{Heap before GC invocations=8 (full 0):
 garbage-first heap   total 73728K, used 53780K [0x0000000084400000, 0x0000000100000000)
  region size 1024K, 35 young (35840K), 3 survivors (3072K)
 Metaspace       used 33968K, committed 34496K, reserved 1114112K
  class space    used 4614K, committed 4864K, reserved 1048576K
}
Event: 3.638 GC heap after
{Heap after GC invocations=9 (full 0):
 garbage-first heap   total 73728K, used 23348K [0x0000000084400000, 0x0000000100000000)
  region size 1024K, 5 young (5120K), 5 survivors (5120K)
 Metaspace       used 33968K, committed 34496K, reserved 1114112K
  class space    used 4614K, committed 4864K, reserved 1048576K
}
Event: 3.909 GC heap before
{Heap before GC invocations=9 (full 0):
 garbage-first heap   total 73728K, used 49972K [0x0000000084400000, 0x0000000100000000)
  region size 1024K, 32 young (32768K), 5 survivors (5120K)
 Metaspace       used 35432K, committed 35968K, reserved 1114112K
  class space    used 4853K, committed 5120K, reserved 1048576K
}
Event: 3.914 GC heap after
{Heap after GC invocations=10 (full 0):
 garbage-first heap   total 73728K, used 24836K [0x0000000084400000, 0x0000000100000000)
  region size 1024K, 4 young (4096K), 4 survivors (4096K)
 Metaspace       used 35432K, committed 35968K, reserved 1114112K
  class space    used 4853K, committed 5120K, reserved 1048576K
}
Event: 4.308 GC heap before
{Heap before GC invocations=11 (full 0):
 garbage-first heap   total 73728K, used 55556K [0x0000000084400000, 0x0000000100000000)
  region size 1024K, 34 young (34816K), 4 survivors (4096K)
 Metaspace       used 41136K, committed 41664K, reserved 1114112K
  class space    used 5768K, committed 6016K, reserved 1048576K
}
Event: 4.312 GC heap after
{Heap after GC invocations=12 (full 0):
 garbage-first heap   total 73728K, used 26020K [0x0000000084400000, 0x0000000100000000)
  region size 1024K, 3 young (3072K), 3 survivors (3072K)
 Metaspace       used 41136K, committed 41664K, reserved 1114112K
  class space    used 5768K, committed 6016K, reserved 1048576K
}
Event: 4.892 GC heap before
{Heap before GC invocations=12 (full 0):
 garbage-first heap   total 73728K, used 57764K [0x0000000084400000, 0x0000000100000000)
  region size 1024K, 34 young (34816K), 3 survivors (3072K)
 Metaspace       used 51047K, committed 51648K, reserved 1114112K
  class space    used 7067K, committed 7360K, reserved 1048576K
}
Event: 4.896 GC heap after
{Heap after GC invocations=13 (full 0):
 garbage-first heap   total 73728K, used 28911K [0x0000000084400000, 0x0000000100000000)
  region size 1024K, 5 young (5120K), 5 survivors (5120K)
 Metaspace       used 51047K, committed 51648K, reserved 1114112K
  class space    used 7067K, committed 7360K, reserved 1048576K
}
Event: 5.189 GC heap before
{Heap before GC invocations=13 (full 0):
 garbage-first heap   total 73728K, used 56559K [0x0000000084400000, 0x0000000100000000)
  region size 1024K, 32 young (32768K), 5 survivors (5120K)
 Metaspace       used 55759K, committed 56320K, reserved 1114112K
  class space    used 7784K, committed 8064K, reserved 1048576K
}
Event: 5.194 GC heap after
{Heap after GC invocations=14 (full 0):
 garbage-first heap   total 73728K, used 30517K [0x0000000084400000, 0x0000000100000000)
  region size 1024K, 2 young (2048K), 2 survivors (2048K)
 Metaspace       used 55759K, committed 56320K, reserved 1114112K
  class space    used 7784K, committed 8064K, reserved 1048576K
}
Event: 5.448 GC heap before
{Heap before GC invocations=14 (full 0):
 garbage-first heap   total 73728K, used 58165K [0x0000000084400000, 0x0000000100000000)
  region size 1024K, 29 young (29696K), 2 survivors (2048K)
 Metaspace       used 57503K, committed 57984K, reserved 1114112K
  class space    used 8019K, committed 8256K, reserved 1048576K
}
Event: 5.451 GC heap after
{Heap after GC invocations=15 (full 0):
 garbage-first heap   total 73728K, used 32134K [0x0000000084400000, 0x0000000100000000)
  region size 1024K, 4 young (4096K), 4 survivors (4096K)
 Metaspace       used 57503K, committed 57984K, reserved 1114112K
  class space    used 8019K, committed 8256K, reserved 1048576K
}
Event: 5.660 GC heap before
{Heap before GC invocations=15 (full 0):
 garbage-first heap   total 73728K, used 58758K [0x0000000084400000, 0x0000000100000000)
  region size 1024K, 30 young (30720K), 4 survivors (4096K)
 Metaspace       used 58541K, committed 59072K, reserved 1114112K
  class space    used 8199K, committed 8448K, reserved 1048576K
}
Event: 5.665 GC heap after
{Heap after GC invocations=16 (full 0):
 garbage-first heap   total 144384K, used 33925K [0x0000000084400000, 0x0000000100000000)
  region size 1024K, 4 young (4096K), 4 survivors (4096K)
 Metaspace       used 58541K, committed 59072K, reserved 1114112K
  class space    used 8199K, committed 8448K, reserved 1048576K
}
Event: 5.842 GC heap before
{Heap before GC invocations=16 (full 0):
 garbage-first heap   total 144384K, used 57477K [0x0000000084400000, 0x0000000100000000)
  region size 1024K, 28 young (28672K), 4 survivors (4096K)
 Metaspace       used 59585K, committed 60096K, reserved 1114112K
  class space    used 8331K, committed 8576K, reserved 1048576K
}
Event: 5.847 GC heap after
{Heap after GC invocations=17 (full 0):
 garbage-first heap   total 144384K, used 35539K [0x0000000084400000, 0x0000000100000000)
  region size 1024K, 6 young (6144K), 6 survivors (6144K)
 Metaspace       used 59585K, committed 60096K, reserved 1114112K
  class space    used 8331K, committed 8576K, reserved 1048576K
}

