# JRE version: OpenJDK Runtime Environment Microsoft-8902769 (17.0.10+7) (build 17.0.10+7-LTS)
# Java VM: OpenJDK 64-Bit Server VM Microsoft-8902769 (17.0.10+7-LTS, mixed mode, sharing, tiered, compressed oops, compressed class ptrs, g1 gc, windows-amd64)
GC Precious Log:
 CPUs: 8 total, 8 available
 Memory: 7914M
 Large Page Support: Disabled
 NUMA Support: Disabled
 Compressed Oops: Enabled (32-bit)
 Heap Region Size: 1M
 Heap Min Capacity: 8M
 Heap Initial Capacity: 124M
 Heap Max Capacity: 1980M
 Pre-touch: Disabled
 Parallel Workers: 8
 Concurrent Workers: 2
 Concurrent Refinement Workers: 8
 Periodic GC: Disabled
Heap:
 garbage-first heap   total 45056K, used 24849K [0x0000000084400000, 0x0000000100000000)
  region size 1024K, 6 young (6144K), 1 survivors (1024K)
 Metaspace       used 37661K, committed 38144K, reserved 1114112K
  class space    used 4902K, committed 5120K, reserved 1048576K
GC Heap History (20 events):
Event: 2.679 GC heap before
{Heap before GC invocations=1 (full 0):
 garbage-first heap   total 126976K, used 27787K [0x0000000084400000, 0x0000000100000000)
  region size 1024K, 26 young (26624K), 3 survivors (3072K)
 Metaspace       used 14003K, committed 14272K, reserved 1114112K
  class space    used 1711K, committed 1856K, reserved 1048576K
}
Event: 2.683 GC heap after
{Heap after GC invocations=2 (full 0):
 garbage-first heap   total 126976K, used 7252K [0x0000000084400000, 0x0000000100000000)
  region size 1024K, 2 young (2048K), 2 survivors (2048K)
 Metaspace       used 14003K, committed 14272K, reserved 1114112K
  class space    used 1711K, committed 1856K, reserved 1048576K
}
Event: 3.930 GC heap before
{Heap before GC invocations=2 (full 0):
 garbage-first heap   total 126976K, used 48212K [0x0000000084400000, 0x0000000100000000)
  region size 1024K, 44 young (45056K), 2 survivors (2048K)
 Metaspace       used 21207K, committed 21504K, reserved 1114112K
  class space    used 2628K, committed 2752K, reserved 1048576K
}
Event: 3.938 GC heap after
{Heap after GC invocations=3 (full 0):
 garbage-first heap   total 126976K, used 11587K [0x0000000084400000, 0x0000000100000000)
  region size 1024K, 6 young (6144K), 6 survivors (6144K)
 Metaspace       used 21207K, committed 21504K, reserved 1114112K
  class space    used 2628K, committed 2752K, reserved 1048576K
}
Event: 4.658 GC heap before
{Heap before GC invocations=4 (full 0):
 garbage-first heap   total 45056K, used 33091K [0x0000000084400000, 0x0000000100000000)
  region size 1024K, 28 young (28672K), 6 survivors (6144K)
 Metaspace       used 23751K, committed 24064K, reserved 1114112K
  class space    used 2988K, committed 3136K, reserved 1048576K
}
Event: 4.665 GC heap after
{Heap after GC invocations=5 (full 0):
 garbage-first heap   total 45056K, used 12528K [0x0000000084400000, 0x0000000100000000)
  region size 1024K, 2 young (2048K), 2 survivors (2048K)
 Metaspace       used 23751K, committed 24064K, reserved 1114112K
  class space    used 2988K, committed 3136K, reserved 1048576K
}
Event: 5.213 GC heap before
{Heap before GC invocations=5 (full 0):
 garbage-first heap   total 45056K, used 30960K [0x0000000084400000, 0x0000000100000000)
  region size 1024K, 20 young (20480K), 2 survivors (2048K)
 Metaspace       used 26197K, committed 26560K, reserved 1114112K
  class space    used 3380K, committed 3520K, reserved 1048576K
}
Event: 5.217 GC heap after
{Heap after GC invocations=6 (full 0):
 garbage-first heap   total 45056K, used 14623K [0x0000000084400000, 0x0000000100000000)
  region size 1024K, 2 young (2048K), 2 survivors (2048K)
 Metaspace       used 26197K, committed 26560K, reserved 1114112K
  class space    used 3380K, committed 3520K, reserved 1048576K
}
Event: 5.805 GC heap before
{Heap before GC invocations=6 (full 0):
 garbage-first heap   total 45056K, used 33055K [0x0000000084400000, 0x0000000100000000)
  region size 1024K, 20 young (20480K), 2 survivors (2048K)
 Metaspace       used 29233K, committed 29568K, reserved 1114112K
  class space    used 3748K, committed 3904K, reserved 1048576K
}
Event: 5.809 GC heap after
{Heap after GC invocations=7 (full 0):
 garbage-first heap   total 45056K, used 16474K [0x0000000084400000, 0x0000000100000000)
  region size 1024K, 2 young (2048K), 2 survivors (2048K)
 Metaspace       used 29233K, committed 29568K, reserved 1114112K
  class space    used 3748K, committed 3904K, reserved 1048576K
}
Event: 6.530 GC heap before
{Heap before GC invocations=7 (full 0):
 garbage-first heap   total 45056K, used 33882K [0x0000000084400000, 0x0000000100000000)
  region size 1024K, 19 young (19456K), 2 survivors (2048K)
 Metaspace       used 31978K, committed 32448K, reserved 1114112K
  class space    used 4131K, committed 4352K, reserved 1048576K
}
Event: 6.536 GC heap after
{Heap after GC invocations=8 (full 0):
 garbage-first heap   total 45056K, used 18493K [0x0000000084400000, 0x0000000100000000)
  region size 1024K, 3 young (3072K), 3 survivors (3072K)
 Metaspace       used 31978K, committed 32448K, reserved 1114112K
  class space    used 4131K, committed 4352K, reserved 1048576K
}
Event: 7.093 GC heap before
{Heap before GC invocations=8 (full 0):
 garbage-first heap   total 45056K, used 32829K [0x0000000084400000, 0x0000000100000000)
  region size 1024K, 17 young (17408K), 3 survivors (3072K)
 Metaspace       used 33569K, committed 34048K, reserved 1114112K
  class space    used 4378K, committed 4608K, reserved 1048576K
}
Event: 7.097 GC heap after
{Heap after GC invocations=9 (full 0):
 garbage-first heap   total 45056K, used 19815K [0x0000000084400000, 0x0000000100000000)
  region size 1024K, 2 young (2048K), 2 survivors (2048K)
 Metaspace       used 33569K, committed 34048K, reserved 1114112K
  class space    used 4378K, committed 4608K, reserved 1048576K
}
Event: 7.975 GC heap before
{Heap before GC invocations=9 (full 0):
 garbage-first heap   total 45056K, used 28007K [0x0000000084400000, 0x0000000100000000)
  region size 1024K, 12 young (12288K), 2 survivors (2048K)
 Metaspace       used 35672K, committed 36096K, reserved 1114112K
  class space    used 4664K, committed 4864K, reserved 1048576K
}
Event: 7.979 GC heap after
{Heap after GC invocations=10 (full 0):
 garbage-first heap   total 45056K, used 20588K [0x0000000084400000, 0x0000000100000000)
  region size 1024K, 1 young (1024K), 1 survivors (1024K)
 Metaspace       used 35672K, committed 36096K, reserved 1114112K
  class space    used 4664K, committed 4864K, reserved 1048576K
}
Event: 18.814 GC heap before
{Heap before GC invocations=11 (full 0):
 garbage-first heap   total 45056K, used 33900K [0x0000000084400000, 0x0000000100000000)
  region size 1024K, 15 young (15360K), 1 survivors (1024K)
 Metaspace       used 37568K, committed 38080K, reserved 1114112K
  class space    used 4901K, committed 5120K, reserved 1048576K
}
Event: 18.816 GC heap after
{Heap after GC invocations=12 (full 0):
 garbage-first heap   total 45056K, used 21157K [0x0000000084400000, 0x0000000100000000)
  region size 1024K, 2 young (2048K), 2 survivors (2048K)
 Metaspace       used 37568K, committed 38080K, reserved 1114112K
  class space    used 4901K, committed 5120K, reserved 1048576K
}
Event: 18.837 GC heap before
{Heap before GC invocations=12 (full 0):
 garbage-first heap   total 45056K, used 22181K [0x0000000084400000, 0x0000000100000000)
  region size 1024K, 3 young (3072K), 2 survivors (2048K)
 Metaspace       used 37583K, committed 38080K, reserved 1114112K
  class space    used 4901K, committed 5120K, reserved 1048576K
}
Event: 18.840 GC heap after
{Heap after GC invocations=13 (full 0):
 garbage-first heap   total 45056K, used 20753K [0x0000000084400000, 0x0000000100000000)
  region size 1024K, 1 young (1024K), 1 survivors (1024K)
 Metaspace       used 37583K, committed 38080K, reserved 1114112K
  class space    used 4901K, committed 5120K, reserved 1048576K
}

