# JRE version: OpenJDK Runtime Environment Microsoft-8902769 (17.0.10+7) (build 17.0.10+7-LTS)
# Java VM: OpenJDK 64-Bit Server VM Microsoft-8902769 (17.0.10+7-LTS, mixed mode, emulated-client, sharing, tiered, compressed oops, compressed class ptrs, g1 gc, windows-amd64)
GC Precious Log:
 CPUs: 8 total, 8 available
 Memory: 7914M
 Large Page Support: Disabled
 NUMA Support: Disabled
 Compressed Oops: Enabled (32-bit)
 Heap Region Size: 1M
 Heap Min Capacity: 8M
 Heap Initial Capacity: 124M
 Heap Max Capacity: 1980M
 Pre-touch: Disabled
 Parallel Workers: 8
 Concurrent Workers: 2
 Concurrent Refinement Workers: 8
 Periodic GC: Disabled
Heap:
 garbage-first heap   total 116736K, used 47330K [0x0000000084400000, 0x0000000100000000)
  region size 1024K, 13 young (13312K), 5 survivors (5120K)
 Metaspace       used 72311K, committed 73088K, reserved 1114112K
  class space    used 9782K, committed 10176K, reserved 1048576K
GC Heap History (20 events):
Event: 3.101 GC heap before
{Heap before GC invocations=9 (full 0):
 garbage-first heap   total 73728K, used 54305K [0x0000000084400000, 0x0000000100000000)
  region size 1024K, 35 young (35840K), 5 survivors (5120K)
 Metaspace       used 35445K, committed 35968K, reserved 1114112K
  class space    used 4861K, committed 5056K, reserved 1048576K
}
Event: 3.105 GC heap after
{Heap after GC invocations=10 (full 0):
 garbage-first heap   total 73728K, used 24938K [0x0000000084400000, 0x0000000100000000)
  region size 1024K, 2 young (2048K), 2 survivors (2048K)
 Metaspace       used 35445K, committed 35968K, reserved 1114112K
  class space    used 4861K, committed 5056K, reserved 1048576K
}
Event: 3.110 GC heap before
{Heap before GC invocations=10 (full 0):
 garbage-first heap   total 73728K, used 24938K [0x0000000084400000, 0x0000000100000000)
  region size 1024K, 3 young (3072K), 2 survivors (2048K)
 Metaspace       used 35491K, committed 35968K, reserved 1114112K
  class space    used 4874K, committed 5056K, reserved 1048576K
}
Event: 3.112 GC heap after
{Heap after GC invocations=11 (full 0):
 garbage-first heap   total 73728K, used 24672K [0x0000000084400000, 0x0000000100000000)
  region size 1024K, 2 young (2048K), 2 survivors (2048K)
 Metaspace       used 35491K, committed 35968K, reserved 1114112K
  class space    used 4874K, committed 5056K, reserved 1048576K
}
Event: 3.507 GC heap before
{Heap before GC invocations=12 (full 0):
 garbage-first heap   total 73728K, used 56416K [0x0000000084400000, 0x0000000100000000)
  region size 1024K, 33 young (33792K), 2 survivors (2048K)
 Metaspace       used 41696K, committed 42240K, reserved 1114112K
  class space    used 5871K, committed 6144K, reserved 1048576K
}
Event: 3.510 GC heap after
{Heap after GC invocations=13 (full 0):
 garbage-first heap   total 131072K, used 25904K [0x0000000084400000, 0x0000000100000000)
  region size 1024K, 3 young (3072K), 3 survivors (3072K)
 Metaspace       used 41696K, committed 42240K, reserved 1114112K
  class space    used 5871K, committed 6144K, reserved 1048576K
}
Event: 4.569 GC heap before
{Heap before GC invocations=13 (full 0):
 garbage-first heap   total 131072K, used 99632K [0x0000000084400000, 0x0000000100000000)
  region size 1024K, 76 young (77824K), 3 survivors (3072K)
 Metaspace       used 57235K, committed 57856K, reserved 1114112K
  class space    used 7977K, committed 8256K, reserved 1048576K
}
Event: 4.575 GC heap after
{Heap after GC invocations=14 (full 0):
 garbage-first heap   total 131072K, used 30994K [0x0000000084400000, 0x0000000100000000)
  region size 1024K, 8 young (8192K), 8 survivors (8192K)
 Metaspace       used 57235K, committed 57856K, reserved 1114112K
  class space    used 7977K, committed 8256K, reserved 1048576K
}
Event: 5.077 GC heap before
{Heap before GC invocations=14 (full 0):
 garbage-first heap   total 131072K, used 94482K [0x0000000084400000, 0x0000000100000000)
  region size 1024K, 71 young (72704K), 8 survivors (8192K)
 Metaspace       used 59728K, committed 60288K, reserved 1114112K
  class space    used 8360K, committed 8640K, reserved 1048576K
}
Event: 5.085 GC heap after
{Heap after GC invocations=15 (full 0):
 garbage-first heap   total 131072K, used 35681K [0x0000000084400000, 0x0000000100000000)
  region size 1024K, 5 young (5120K), 5 survivors (5120K)
 Metaspace       used 59728K, committed 60288K, reserved 1114112K
  class space    used 8360K, committed 8640K, reserved 1048576K
}
Event: 18.155 GC heap before
{Heap before GC invocations=16 (full 0):
 garbage-first heap   total 130048K, used 101217K [0x0000000084400000, 0x0000000100000000)
  region size 1024K, 70 young (71680K), 5 survivors (5120K)
 Metaspace       used 70846K, committed 71488K, reserved 1114112K
  class space    used 9616K, committed 9920K, reserved 1048576K
}
Event: 18.164 GC heap after
{Heap after GC invocations=17 (full 0):
 garbage-first heap   total 130048K, used 38457K [0x0000000084400000, 0x0000000100000000)
  region size 1024K, 8 young (8192K), 8 survivors (8192K)
 Metaspace       used 70846K, committed 71488K, reserved 1114112K
  class space    used 9616K, committed 9920K, reserved 1048576K
}
Event: 47.214 GC heap before
{Heap before GC invocations=17 (full 0):
 garbage-first heap   total 130048K, used 50745K [0x0000000084400000, 0x0000000100000000)
  region size 1024K, 22 young (22528K), 8 survivors (8192K)
 Metaspace       used 72101K, committed 72832K, reserved 1114112K
  class space    used 9756K, committed 10112K, reserved 1048576K
}
Event: 47.324 GC heap after
{Heap after GC invocations=18 (full 1):
 garbage-first heap   total 116736K, used 32023K [0x0000000084400000, 0x0000000100000000)
  region size 1024K, 0 young (0K), 0 survivors (0K)
 Metaspace       used 72089K, committed 72832K, reserved 1114112K
  class space    used 9755K, committed 10112K, reserved 1048576K
}
Event: 47.888 GC heap before
{Heap before GC invocations=18 (full 1):
 garbage-first heap   total 116736K, used 89367K [0x0000000084400000, 0x0000000100000000)
  region size 1024K, 57 young (58368K), 0 survivors (0K)
 Metaspace       used 72130K, committed 72832K, reserved 1114112K
  class space    used 9762K, committed 10112K, reserved 1048576K
}
Event: 47.892 GC heap after
{Heap after GC invocations=19 (full 1):
 garbage-first heap   total 116736K, used 36559K [0x0000000084400000, 0x0000000100000000)
  region size 1024K, 5 young (5120K), 5 survivors (5120K)
 Metaspace       used 72130K, committed 72832K, reserved 1114112K
  class space    used 9762K, committed 10112K, reserved 1048576K
}
Event: 48.204 GC heap before
{Heap before GC invocations=19 (full 1):
 garbage-first heap   total 116736K, used 90831K [0x0000000084400000, 0x0000000100000000)
  region size 1024K, 58 young (59392K), 5 survivors (5120K)
 Metaspace       used 72212K, committed 72960K, reserved 1114112K
  class space    used 9774K, committed 10112K, reserved 1048576K
}
Event: 48.208 GC heap after
{Heap after GC invocations=20 (full 1):
 garbage-first heap   total 116736K, used 38056K [0x0000000084400000, 0x0000000100000000)
  region size 1024K, 6 young (6144K), 6 survivors (6144K)
 Metaspace       used 72212K, committed 72960K, reserved 1114112K
  class space    used 9774K, committed 10112K, reserved 1048576K
}
Event: 48.484 GC heap before
{Heap before GC invocations=20 (full 1):
 garbage-first heap   total 116736K, used 92328K [0x0000000084400000, 0x0000000100000000)
  region size 1024K, 59 young (60416K), 6 survivors (6144K)
 Metaspace       used 72307K, committed 73088K, reserved 1114112K
  class space    used 9781K, committed 10176K, reserved 1048576K
}
Event: 48.489 GC heap after
{Heap after GC invocations=21 (full 1):
 garbage-first heap   total 116736K, used 40162K [0x0000000084400000, 0x0000000100000000)
  region size 1024K, 5 young (5120K), 5 survivors (5120K)
 Metaspace       used 72307K, committed 73088K, reserved 1114112K
  class space    used 9781K, committed 10176K, reserved 1048576K
}

